#
# There is insufficient memory for the Java Runtime Environment to continue.
# Native memory allocation (malloc) failed to allocate 32744 bytes for ChunkPool::allocate
# Possible reasons:
#   The system is out of physical RAM or swap space
#   The process is running with CompressedOops enabled, and the Java Heap may be blocking the growth of the native heap
# Possible solutions:
#   Reduce memory load on the system
#   Increase physical memory or swap space
#   Check if swap backing store is full
#   Decrease Java heap size (-Xmx/-Xms)
#   Decrease number of Java threads
#   Decrease Java thread stack sizes (-Xss)
#   Set larger code cache with -XX:ReservedCodeCacheSize=
#   JVM is running with Zero Based Compressed Oops mode in which the Java heap is
#     placed in the first 32GB address space. The Java Heap base address is the
#     maximum limit for the native heap growth. Please use -XX:HeapBaseMinAddress
#     to set the Java Heap base and to place the Java Heap above 32GB virtual address.
# This output file may be truncated or incomplete.
#
#  Out of Memory Error (allocation.cpp:272), pid=49228, tid=0x000000000000bca8
#
# JRE version: OpenJDK Runtime Environment (8.0_275-b01) (build 1.8.0_275-b01)
# Java VM: OpenJDK 64-Bit Server VM (25.275-b01 mixed mode windows-amd64 compressed oops)
# Failed to write core dump. Minidumps are not enabled by default on client versions of Windows
#

---------------  T H R E A D  ---------------

Current thread (0x000000001e511800):  JavaThread "C2 CompilerThread2" daemon [_thread_in_native, id=48296, stack(0x000000001efd0000,0x000000001f0d0000)]

Stack: [0x000000001efd0000,0x000000001f0d0000]
[error occurred during error reporting (printing stack bounds), id 0xc0000005]

Native frames: (J=compiled Java code, j=interpreted, Vv=VM code, C=native code)


Current CompileTask:
C2:   5338 1889       4       java.net.URLClassLoader$1::run (5 bytes)


---------------  P R O C E S S  ---------------

Java Threads: ( => current thread )
  0x000000002077e800 JavaThread "Cache worker for file hash cache (C:\Users\marco\Documents\ethernity.live\Wallet-Frontend\android\.gradle\6.0.1\fileHashes)" [_thread_blocked, id=41032, stack(0x0000000025700000,0x0000000025800000)]
  0x000000002077f800 JavaThread "Cache worker for journal cache (C:\Users\marco\.gradle\caches\journal-1)" [_thread_blocked, id=47288, stack(0x00000000230f0000,0x00000000231f0000)]
  0x0000000020784000 JavaThread "File lock request listener" [_thread_in_native, id=12960, stack(0x0000000022ff0000,0x00000000230f0000)]
  0x0000000020783800 JavaThread "Cache worker for file hash cache (C:\Users\marco\.gradle\caches\6.0.1\fileHashes)" [_thread_blocked, id=2932, stack(0x0000000022ef0000,0x0000000022ff0000)]
  0x0000000020d47800 JavaThread "Thread-9" [_thread_blocked, id=14420, stack(0x0000000022df0000,0x0000000022ef0000)]
  0x0000000020d45800 JavaThread "Stdin handler" [_thread_blocked, id=47792, stack(0x0000000022cf0000,0x0000000022df0000)]
  0x0000000020d2c000 JavaThread "Asynchronous log dispatcher for DefaultDaemonConnection: socket connection from /127.0.0.1:50261 to /127.0.0.1:50262" [_thread_blocked, id=34996, stack(0x0000000022af0000,0x0000000022bf0000)]
  0x0000000020d0b000 JavaThread "Daemon worker" [_thread_in_native, id=34264, stack(0x00000000227f0000,0x00000000228f0000)]
  0x0000000020d0a800 JavaThread "Cancel handler" [_thread_blocked, id=49528, stack(0x00000000226f0000,0x00000000227f0000)]
  0x0000000020cf4800 JavaThread "Handler for socket connection from /127.0.0.1:50261 to /127.0.0.1:50262" [_thread_in_native, id=3380, stack(0x00000000225f0000,0x00000000226f0000)]
  0x0000000020cf2000 JavaThread "Daemon" [_thread_blocked, id=34164, stack(0x00000000224f0000,0x00000000225f0000)]
  0x0000000020c70000 JavaThread "Daemon periodic checks" [_thread_blocked, id=49180, stack(0x00000000223f0000,0x00000000224f0000)]
  0x0000000020c6e000 JavaThread "Incoming local TCP Connector on port 50261" [_thread_in_native, id=22232, stack(0x00000000221b0000,0x00000000222b0000)]
  0x000000001f636800 JavaThread "Daemon health stats" [_thread_blocked, id=12932, stack(0x0000000021b70000,0x0000000021c70000)]
  0x000000001e59c000 JavaThread "Service Thread" daemon [_thread_blocked, id=42844, stack(0x000000001f1d0000,0x000000001f2d0000)]
  0x000000001e517800 JavaThread "C1 CompilerThread3" daemon [_thread_blocked, id=28124, stack(0x000000001f0d0000,0x000000001f1d0000)]
=>0x000000001e511800 JavaThread "C2 CompilerThread2" daemon [_thread_in_native, id=48296, stack(0x000000001efd0000,0x000000001f0d0000)]
  0x000000001e50c800 JavaThread "C2 CompilerThread1" daemon [_thread_in_native, id=34112, stack(0x000000001eed0000,0x000000001efd0000)]
  0x000000001e510800 JavaThread "C2 CompilerThread0" daemon [_thread_in_native, id=39232, stack(0x000000001edd0000,0x000000001eed0000)]
  0x000000001e505800 JavaThread "Attach Listener" daemon [_thread_blocked, id=47052, stack(0x000000001ecd0000,0x000000001edd0000)]
  0x000000001e504800 JavaThread "Signal Dispatcher" daemon [_thread_blocked, id=44256, stack(0x000000001ebd0000,0x000000001ecd0000)]
  0x000000001e4f0800 JavaThread "Finalizer" daemon [_thread_blocked, id=41964, stack(0x000000001e9d0000,0x000000001ead0000)]
  0x0000000002b88000 JavaThread "Reference Handler" daemon [_thread_blocked, id=39784, stack(0x000000001e8d0000,0x000000001e9d0000)]
  0x0000000002a8e800 JavaThread "main" [_thread_blocked, id=48096, stack(0x0000000002980000,0x0000000002a80000)]

Other Threads:
  0x000000001c6f6000 VMThread [stack: 0x000000001e3d0000,0x000000001e4d0000] [id=35476]
  0x000000001e59d000 WatcherThread [stack: 0x000000001f2d0000,0x000000001f3d0000] [id=13456]

VM state:not at safepoint (normal execution)

VM Mutex/Monitor currently owned by a thread: None

heap address: 0x00000006c0000000, size: 4096 MB, Compressed Oops mode: Zero based, Oop shift amount: 3
Narrow klass base: 0x0000000000000000, Narrow klass shift: 3
Compressed class space size: 1073741824 Address: 0x00000007c0000000

Heap:
 PSYoungGen      total 54784K, used 31438K [0x000000076ab00000, 0x000000076e900000, 0x00000007c0000000)
  eden space 47104K, 66% used [0x000000076ab00000,0x000000076c9b3998,0x000000076d900000)
  from space 7680K, 0% used [0x000000076e180000,0x000000076e180000,0x000000076e900000)
  to   space 8192K, 0% used [0x000000076d900000,0x000000076d900000,0x000000076e100000)
 ParOldGen       total 45568K, used 8673K [0x00000006c0000000, 0x00000006c2c80000, 0x000000076ab00000)
  object space 45568K, 19% used [0x00000006c0000000,0x00000006c0878710,0x00000006c2c80000)
 Metaspace       used 25753K, capacity 26312K, committed 26624K, reserved 1073152K
  class space    used 3545K, capacity 3728K, committed 3840K, reserved 1048576K

Card table byte_map: [0x0000000011f50000,0x0000000012760000] byte_map_base: 0x000000000e950000

Marking Bits: (ParMarkBitMap*) 0x00000000721323c0
 Begin Bits: [0x00000000134c0000, 0x00000000174c0000)
 End Bits:   [0x00000000174c0000, 0x000000001b4c0000)

Polling page: 0x0000000001120000

CodeCache: size=245760Kb used=8129Kb max_used=8129Kb free=237630Kb
 bounds [0x0000000002b90000, 0x0000000003390000, 0x0000000011b90000]
 total_blobs=2671 nmethods=2010 adapters=574
 compilation: enabled

Compilation events (10 events):
Event: 5.246 Thread 0x000000001e517800 nmethod 2008 0x000000000337f710 code [0x000000000337f880, 0x000000000337fa28]
Event: 5.246 Thread 0x000000001e517800 2007       3       com.google.common.cache.LocalCache::expiresAfterAccess (15 bytes)
Event: 5.247 Thread 0x000000001e517800 nmethod 2007 0x000000000337fad0 code [0x000000000337fc20, 0x000000000337fdd0]
Event: 5.272 Thread 0x000000001e517800 2013       3       java.lang.Integer::numberOfLeadingZeros (76 bytes)
Event: 5.273 Thread 0x000000001e517800 nmethod 2013 0x000000000337fe50 code [0x000000000337ffc0, 0x0000000003380270]
Event: 5.333 Thread 0x000000001e517800 2015       3       org.codehaus.groovy.util.FastArray::<init> (16 bytes)
Event: 5.333 Thread 0x000000001e517800 nmethod 2015 0x00000000033802d0 code [0x0000000003380440, 0x0000000003380610]
Event: 5.333 Thread 0x000000001e517800 2016       3       org.codehaus.groovy.util.FastArray::copy (31 bytes)
Event: 5.334 Thread 0x000000001e517800 nmethod 2016 0x0000000003380710 code [0x00000000033808a0, 0x0000000003380c88]
Event: 5.334 Thread 0x000000001e517800 2017       3       org.codehaus.groovy.reflection.CachedClass::isAssignableFrom (21 bytes)

GC Heap History (10 events):
Event: 3.378 GC heap before
{Heap before GC invocations=5 (full 0):
 PSYoungGen      total 28672K, used 28672K [0x000000076ab00000, 0x000000076cb00000, 0x00000007c0000000)
  eden space 24576K, 100% used [0x000000076ab00000,0x000000076c300000,0x000000076c300000)
  from space 4096K, 100% used [0x000000076c700000,0x000000076cb00000,0x000000076cb00000)
  to   space 4096K, 0% used [0x000000076c300000,0x000000076c300000,0x000000076c700000)
 ParOldGen       total 65536K, used 1915K [0x00000006c0000000, 0x00000006c4000000, 0x000000076ab00000)
  object space 65536K, 2% used [0x00000006c0000000,0x00000006c01deee8,0x00000006c4000000)
 Metaspace       used 14159K, capacity 14454K, committed 14720K, reserved 1062912K
  class space    used 2007K, capacity 2133K, committed 2176K, reserved 1048576K
Event: 3.384 GC heap after
Heap after GC invocations=5 (full 0):
 PSYoungGen      total 28160K, used 4080K [0x000000076ab00000, 0x000000076d280000, 0x00000007c0000000)
  eden space 24064K, 0% used [0x000000076ab00000,0x000000076ab00000,0x000000076c280000)
  from space 4096K, 99% used [0x000000076c300000,0x000000076c6fc010,0x000000076c700000)
  to   space 8192K, 0% used [0x000000076ca80000,0x000000076ca80000,0x000000076d280000)
 ParOldGen       total 65536K, used 4732K [0x00000006c0000000, 0x00000006c4000000, 0x000000076ab00000)
  object space 65536K, 7% used [0x00000006c0000000,0x00000006c049f090,0x00000006c4000000)
 Metaspace       used 14159K, capacity 14454K, committed 14720K, reserved 1062912K
  class space    used 2007K, capacity 2133K, committed 2176K, reserved 1048576K
}
Event: 3.731 GC heap before
{Heap before GC invocations=6 (full 0):
 PSYoungGen      total 28160K, used 28144K [0x000000076ab00000, 0x000000076d280000, 0x00000007c0000000)
  eden space 24064K, 100% used [0x000000076ab00000,0x000000076c280000,0x000000076c280000)
  from space 4096K, 99% used [0x000000076c300000,0x000000076c6fc010,0x000000076c700000)
  to   space 8192K, 0% used [0x000000076ca80000,0x000000076ca80000,0x000000076d280000)
 ParOldGen       total 65536K, used 4732K [0x00000006c0000000, 0x00000006c4000000, 0x000000076ab00000)
  object space 65536K, 7% used [0x00000006c0000000,0x00000006c049f090,0x00000006c4000000)
 Metaspace       used 15839K, capacity 16258K, committed 16640K, reserved 1062912K
  class space    used 2299K, capacity 2441K, committed 2560K, reserved 1048576K
Event: 3.743 GC heap after
Heap after GC invocations=6 (full 0):
 PSYoungGen      total 31744K, used 6624K [0x000000076ab00000, 0x000000076eb00000, 0x00000007c0000000)
  eden space 23552K, 0% used [0x000000076ab00000,0x000000076ab00000,0x000000076c200000)
  from space 8192K, 80% used [0x000000076ca80000,0x000000076d0f83c8,0x000000076d280000)
  to   space 8704K, 0% used [0x000000076c200000,0x000000076c200000,0x000000076ca80000)
 ParOldGen       total 65536K, used 4740K [0x00000006c0000000, 0x00000006c4000000, 0x000000076ab00000)
  object space 65536K, 7% used [0x00000006c0000000,0x00000006c04a1090,0x00000006c4000000)
 Metaspace       used 15839K, capacity 16258K, committed 16640K, reserved 1062912K
  class space    used 2299K, capacity 2441K, committed 2560K, reserved 1048576K
}
Event: 4.219 GC heap before
{Heap before GC invocations=7 (full 0):
 PSYoungGen      total 31744K, used 30176K [0x000000076ab00000, 0x000000076eb00000, 0x00000007c0000000)
  eden space 23552K, 100% used [0x000000076ab00000,0x000000076c200000,0x000000076c200000)
  from space 8192K, 80% used [0x000000076ca80000,0x000000076d0f83c8,0x000000076d280000)
  to   space 8704K, 0% used [0x000000076c200000,0x000000076c200000,0x000000076ca80000)
 ParOldGen       total 65536K, used 4740K [0x00000006c0000000, 0x00000006c4000000, 0x000000076ab00000)
  object space 65536K, 7% used [0x00000006c0000000,0x00000006c04a1090,0x00000006c4000000)
 Metaspace       used 18105K, capacity 18588K, committed 18816K, reserved 1064960K
  class space    used 2672K, capacity 2848K, committed 2944K, reserved 1048576K
Event: 4.224 GC heap after
Heap after GC invocations=7 (full 0):
 PSYoungGen      total 32256K, used 5776K [0x000000076ab00000, 0x000000076ea00000, 0x00000007c0000000)
  eden space 23552K, 0% used [0x000000076ab00000,0x000000076ab00000,0x000000076c200000)
  from space 8704K, 66% used [0x000000076c200000,0x000000076c7a4118,0x000000076ca80000)
  to   space 8704K, 0% used [0x000000076e180000,0x000000076e180000,0x000000076ea00000)
 ParOldGen       total 65536K, used 6456K [0x00000006c0000000, 0x00000006c4000000, 0x000000076ab00000)
  object space 65536K, 9% used [0x00000006c0000000,0x00000006c064e0f0,0x00000006c4000000)
 Metaspace       used 18105K, capacity 18588K, committed 18816K, reserved 1064960K
  class space    used 2672K, capacity 2848K, committed 2944K, reserved 1048576K
}
Event: 4.477 GC heap before
{Heap before GC invocations=8 (full 0):
 PSYoungGen      total 32256K, used 25952K [0x000000076ab00000, 0x000000076ea00000, 0x00000007c0000000)
  eden space 23552K, 85% used [0x000000076ab00000,0x000000076beb4298,0x000000076c200000)
  from space 8704K, 66% used [0x000000076c200000,0x000000076c7a4118,0x000000076ca80000)
  to   space 8704K, 0% used [0x000000076e180000,0x000000076e180000,0x000000076ea00000)
 ParOldGen       total 65536K, used 6456K [0x00000006c0000000, 0x00000006c4000000, 0x000000076ab00000)
  object space 65536K, 9% used [0x00000006c0000000,0x00000006c064e0f0,0x00000006c4000000)
 Metaspace       used 20657K, capacity 21108K, committed 21296K, reserved 1067008K
  class space    used 3003K, capacity 3172K, committed 3200K, reserved 1048576K
Event: 4.483 GC heap after
Heap after GC invocations=8 (full 0):
 PSYoungGen      total 54784K, used 5163K [0x000000076ab00000, 0x000000076e900000, 0x00000007c0000000)
  eden space 47104K, 0% used [0x000000076ab00000,0x000000076ab00000,0x000000076d900000)
  from space 7680K, 67% used [0x000000076e180000,0x000000076e68af20,0x000000076e900000)
  to   space 8192K, 0% used [0x000000076d900000,0x000000076d900000,0x000000076e100000)
 ParOldGen       total 65536K, used 8072K [0x00000006c0000000, 0x00000006c4000000, 0x000000076ab00000)
  object space 65536K, 12% used [0x00000006c0000000,0x00000006c07e2168,0x00000006c4000000)
 Metaspace       used 20657K, capacity 21108K, committed 21296K, reserved 1067008K
  class space    used 3003K, capacity 3172K, committed 3200K, reserved 1048576K
}
Event: 4.483 GC heap before
{Heap before GC invocations=9 (full 1):
 PSYoungGen      total 54784K, used 5163K [0x000000076ab00000, 0x000000076e900000, 0x00000007c0000000)
  eden space 47104K, 0% used [0x000000076ab00000,0x000000076ab00000,0x000000076d900000)
  from space 7680K, 67% used [0x000000076e180000,0x000000076e68af20,0x000000076e900000)
  to   space 8192K, 0% used [0x000000076d900000,0x000000076d900000,0x000000076e100000)
 ParOldGen       total 65536K, used 8072K [0x00000006c0000000, 0x00000006c4000000, 0x000000076ab00000)
  object space 65536K, 12% used [0x00000006c0000000,0x00000006c07e2168,0x00000006c4000000)
 Metaspace       used 20657K, capacity 21108K, committed 21296K, reserved 1067008K
  class space    used 3003K, capacity 3172K, committed 3200K, reserved 1048576K
Event: 4.526 GC heap after
Heap after GC invocations=9 (full 1):
 PSYoungGen      total 54784K, used 0K [0x000000076ab00000, 0x000000076e900000, 0x00000007c0000000)
  eden space 47104K, 0% used [0x000000076ab00000,0x000000076ab00000,0x000000076d900000)
  from space 7680K, 0% used [0x000000076e180000,0x000000076e180000,0x000000076e900000)
  to   space 8192K, 0% used [0x000000076d900000,0x000000076d900000,0x000000076e100000)
 ParOldGen       total 45568K, used 8673K [0x00000006c0000000, 0x00000006c2c80000, 0x000000076ab00000)
  object space 45568K, 19% used [0x00000006c0000000,0x00000006c0878710,0x00000006c2c80000)
 Metaspace       used 20657K, capacity 21108K, committed 21296K, reserved 1067008K
  class space    used 3003K, capacity 3172K, committed 3200K, reserved 1048576K
}

Deoptimization events (10 events):
Event: 4.041 Thread 0x0000000020d0b000 Uncommon trap: reason=unstable_if action=reinterpret pc=0x0000000002dfa410 method=java.net.URI.match(CJJ)Z @ 19
Event: 4.041 Thread 0x0000000020d0b000 Uncommon trap: reason=unstable_if action=reinterpret pc=0x0000000002d0a1c8 method=java.net.URI.match(CJJ)Z @ 19
Event: 4.205 Thread 0x0000000020d0b000 Uncommon trap: reason=unstable_if action=reinterpret pc=0x0000000002e8b2c8 method=java.io.File.getName()Ljava/lang/String; @ 16
Event: 4.799 Thread 0x0000000020d0b000 Uncommon trap: reason=class_check action=maybe_recompile pc=0x00000000031ae55c method=sun.misc.URLClassPath.getLoader(I)Lsun/misc/URLClassPath$Loader; @ 94
Event: 4.799 Thread 0x0000000020d0b000 Uncommon trap: reason=class_check action=maybe_recompile pc=0x00000000030eba6c method=sun.misc.URLClassPath.getResource(Ljava/lang/String;Z)Lsun/misc/Resource; @ 62
Event: 4.799 Thread 0x0000000020d0b000 Uncommon trap: reason=unstable_if action=reinterpret pc=0x0000000003051360 method=java.lang.String.regionMatches(ZILjava/lang/String;II)Z @ 41
Event: 4.817 Thread 0x0000000020d0b000 Uncommon trap: reason=unstable_if action=reinterpret pc=0x000000000305c504 method=java.lang.ClassLoader.getClassLoadingLock(Ljava/lang/String;)Ljava/lang/Object; @ 6
Event: 4.841 Thread 0x0000000020d0b000 Uncommon trap: reason=class_check action=maybe_recompile pc=0x00000000031ae72c method=sun.misc.URLClassPath.getLoader(I)Lsun/misc/URLClassPath$Loader; @ 239
Event: 4.854 Thread 0x0000000020d0b000 Uncommon trap: reason=class_check action=maybe_recompile pc=0x00000000031ae72c method=sun.misc.URLClassPath.getLoader(I)Lsun/misc/URLClassPath$Loader; @ 239
Event: 5.284 Thread 0x0000000020d0b000 Uncommon trap: reason=class_check action=maybe_recompile pc=0x00000000031ae55c method=sun.misc.URLClassPath.getLoader(I)Lsun/misc/URLClassPath$Loader; @ 94

Classes redefined (0 events):
No events

Internal exceptions (10 events):
Event: 4.892 Thread 0x0000000020d0b000 Exception <a 'java/lang/ClassNotFoundException': org/gradle/api/internal/project/AbstractPluginAwareBeanInfo> (0x000000076bba3098) thrown at [C:\cygwin64\tmp\build\source\java-1.8.0-openjdk\tmp\jdk8u\hotspot\src\share\vm\classfile\systemDictionary.cpp, li
Event: 4.894 Thread 0x0000000020d0b000 Exception <a 'java/lang/ClassNotFoundException': org/gradle/api/internal/project/AbstractPluginAwareCustomizer> (0x000000076bbd6038) thrown at [C:\cygwin64\tmp\build\source\java-1.8.0-openjdk\tmp\jdk8u\hotspot\src\share\vm\classfile\systemDictionary.cpp, 
Event: 4.896 Thread 0x0000000020d0b000 Exception <a 'java/lang/ClassNotFoundException': org/gradle/initialization/DefaultSettingsCustomizer> (0x000000076bc0b650) thrown at [C:\cygwin64\tmp\build\source\java-1.8.0-openjdk\tmp\jdk8u\hotspot\src\share\vm\classfile\systemDictionary.cpp, line 217]
Event: 4.903 Thread 0x0000000020d0b000 Exception <a 'java/lang/ClassNotFoundException': org/gradle/initialization/DefaultSettings_DecoratedCustomizer> (0x000000076bc794e0) thrown at [C:\cygwin64\tmp\build\source\java-1.8.0-openjdk\tmp\jdk8u\hotspot\src\share\vm\classfile\systemDictionary.cpp, 
Event: 4.924 Thread 0x0000000020d0b000 Exception <a 'java/lang/ClassNotFoundException': org/gradle/initialization/DefaultProjectDescriptorBeanInfo> (0x000000076bd4c2f0) thrown at [C:\cygwin64\tmp\build\source\java-1.8.0-openjdk\tmp\jdk8u\hotspot\src\share\vm\classfile\systemDictionary.cpp, lin
Event: 4.925 Thread 0x0000000020d0b000 Exception <a 'java/lang/ClassNotFoundException': org/gradle/initialization/DefaultProjectDescriptorCustomizer> (0x000000076bd7d048) thrown at [C:\cygwin64\tmp\build\source\java-1.8.0-openjdk\tmp\jdk8u\hotspot\src\share\vm\classfile\systemDictionary.cpp, l
Event: 5.074 Thread 0x0000000020d0b000 Exception <a 'java/lang/ClassNotFoundException': java/io/FileBeanInfo> (0x000000076c2b00a8) thrown at [C:\cygwin64\tmp\build\source\java-1.8.0-openjdk\tmp\jdk8u\hotspot\src\share\vm\classfile\systemDictionary.cpp, line 217]
Event: 5.074 Thread 0x0000000020d0b000 Exception <a 'java/lang/ClassNotFoundException': java/io/FileCustomizer> (0x000000076c2b2e38) thrown at [C:\cygwin64\tmp\build\source\java-1.8.0-openjdk\tmp\jdk8u\hotspot\src\share\vm\classfile\systemDictionary.cpp, line 217]
Event: 5.156 Thread 0x0000000020d0b000 Exception <a 'java/lang/ClassNotFoundException': org/gradle/api/internal/plugins/DefaultObjectConfigurationActionBeanInfo> (0x000000076c4b6f18) thrown at [C:\cygwin64\tmp\build\source\java-1.8.0-openjdk\tmp\jdk8u\hotspot\src\share\vm\classfile\systemDicti
Event: 5.158 Thread 0x0000000020d0b000 Exception <a 'java/lang/ClassNotFoundException': org/gradle/api/internal/plugins/DefaultObjectConfigurationActionCustomizer> (0x000000076c4ef1f0) thrown at [C:\cygwin64\tmp\build\source\java-1.8.0-openjdk\tmp\jdk8u\hotspot\src\share\vm\classfile\systemDic

Events (10 events):
Event: 5.284 Executing VM operation: RevokeBias
Event: 5.284 Executing VM operation: RevokeBias done
Event: 5.284 Thread 0x0000000020d0b000 DEOPT PACKING pc=0x00000000031ae55c sp=0x00000000228ea120
Event: 5.284 Thread 0x0000000020d0b000 DEOPT UNPACKING pc=0x0000000002bd557b sp=0x00000000228ea0a8 mode 2
Event: 5.328 loading class org/gradle/groovy/scripts/DefaultScript
Event: 5.328 loading class org/gradle/groovy/scripts/DefaultScript done
Event: 5.331 loading class groovy/runtime/metaclass/gradle_e9jqeiqd3snmcxlof9isy4jl3MetaClass
Event: 5.331 loading class groovy/runtime/metaclass/gradle_e9jqeiqd3snmcxlof9isy4jl3MetaClass done
Event: 5.332 loading class groovy/lang/Closure
Event: 5.332 loading class groovy/lang/Closure done


Dynamic libraries:
0x00007ff75c430000 - 0x00007ff75c465000 	C:\Program Files\OpenJDK\openjdk-8u275-b01\bin\java.exe
0x00007ff816840000 - 0x00007ff816a30000 	C:\Windows\SYSTEM32\ntdll.dll
0x00007ff815910000 - 0x00007ff8159c2000 	C:\Windows\System32\KERNEL32.DLL
0x00007ff814020000 - 0x00007ff8142c5000 	C:\Windows\System32\KERNELBASE.dll
0x00007ff816290000 - 0x00007ff816333000 	C:\Windows\System32\ADVAPI32.dll
0x00007ff816490000 - 0x00007ff81652e000 	C:\Windows\System32\msvcrt.dll
0x00007ff816760000 - 0x00007ff8167f7000 	C:\Windows\System32\sechost.dll
0x00007ff816370000 - 0x00007ff81648f000 	C:\Windows\System32\RPCRT4.dll
0x00007ff8156c0000 - 0x00007ff815854000 	C:\Windows\System32\USER32.dll
0x00007ff8137b0000 - 0x00007ff8137d1000 	C:\Windows\System32\win32u.dll
0x00007ff815220000 - 0x00007ff815246000 	C:\Windows\System32\GDI32.dll
0x00007ff814750000 - 0x00007ff8148e8000 	C:\Windows\System32\gdi32full.dll
0x00007ff8137e0000 - 0x00007ff81387e000 	C:\Windows\System32\msvcp_win.dll
0x00007ff8144f0000 - 0x00007ff8145ea000 	C:\Windows\System32\ucrtbase.dll
0x00007ffffe760000 - 0x00007ffffe9e4000 	C:\Windows\WinSxS\amd64_microsoft.windows.common-controls_6595b64144ccf1df_6.0.18362.1440_none_9e7dbfb9e45e8e67\COMCTL32.dll
0x00007ff815380000 - 0x00007ff8156b6000 	C:\Windows\System32\combase.dll
0x00007ff814430000 - 0x00007ff8144b1000 	C:\Windows\System32\bcryptPrimitives.dll
0x00007ff816250000 - 0x00007ff81627e000 	C:\Windows\System32\IMM32.DLL
0x00000000721c0000 - 0x0000000072292000 	C:\Program Files\OpenJDK\openjdk-8u275-b01\jre\bin\msvcr100.dll
0x0000000071920000 - 0x00000000721b4000 	C:\Program Files\OpenJDK\openjdk-8u275-b01\jre\bin\server\jvm.dll
0x00007ff8148f0000 - 0x00007ff8148f8000 	C:\Windows\System32\PSAPI.DLL
0x00007ff805d40000 - 0x00007ff805d4a000 	C:\Windows\SYSTEM32\VERSION.dll
0x00007ff80bbb0000 - 0x00007ff80bbb9000 	C:\Windows\SYSTEM32\WSOCK32.dll
0x00007ff80a770000 - 0x00007ff80a794000 	C:\Windows\SYSTEM32\WINMM.dll
0x00007ff815cf0000 - 0x00007ff815d5f000 	C:\Windows\System32\WS2_32.dll
0x00007ff80a520000 - 0x00007ff80a54d000 	C:\Windows\SYSTEM32\WINMMBASE.dll
0x00007ff814380000 - 0x00007ff8143ca000 	C:\Windows\System32\cfgmgr32.dll
0x00007ff80bba0000 - 0x00007ff80bbaf000 	C:\Program Files\OpenJDK\openjdk-8u275-b01\jre\bin\verify.dll
0x00007ff807cd0000 - 0x00007ff807cf9000 	C:\Program Files\OpenJDK\openjdk-8u275-b01\jre\bin\java.dll
0x00007ff80aa40000 - 0x00007ff80aa56000 	C:\Program Files\OpenJDK\openjdk-8u275-b01\jre\bin\zip.dll
0x00007ff814a60000 - 0x00007ff815148000 	C:\Windows\System32\SHELL32.dll
0x00007ff815860000 - 0x00007ff815907000 	C:\Windows\System32\shcore.dll
0x00007ff813880000 - 0x00007ff813ffb000 	C:\Windows\System32\windows.storage.dll
0x00007ff813740000 - 0x00007ff81375e000 	C:\Windows\System32\profapi.dll
0x00007ff813760000 - 0x00007ff8137aa000 	C:\Windows\System32\powrprof.dll
0x00007ff8136f0000 - 0x00007ff813700000 	C:\Windows\System32\UMPDC.dll
0x00007ff815150000 - 0x00007ff8151a2000 	C:\Windows\System32\shlwapi.dll
0x00007ff813700000 - 0x00007ff813711000 	C:\Windows\System32\kernel.appcore.dll
0x00007ff814000000 - 0x00007ff814017000 	C:\Windows\System32\cryptsp.dll
0x00007ff807570000 - 0x00007ff80758b000 	C:\Program Files\OpenJDK\openjdk-8u275-b01\jre\bin\net.dll
0x00007ff812e90000 - 0x00007ff812ef7000 	C:\Windows\system32\mswsock.dll
0x00007ff807400000 - 0x00007ff807412000 	C:\Program Files\OpenJDK\openjdk-8u275-b01\jre\bin\nio.dll
0x00007ff8033f0000 - 0x00007ff803416000 	C:\Users\marco\.gradle\native\30\windows-amd64\native-platform.dll
0x00007ff80b790000 - 0x00007ff80b79d000 	C:\Program Files\OpenJDK\openjdk-8u275-b01\jre\bin\management.dll
0x00007ff812a10000 - 0x00007ff812a43000 	C:\Windows\system32\rsaenh.dll
0x00007ff8144c0000 - 0x00007ff8144e6000 	C:\Windows\System32\bcrypt.dll
0x00007ff813610000 - 0x00007ff813635000 	C:\Windows\SYSTEM32\USERENV.dll
0x00007ff813030000 - 0x00007ff81303c000 	C:\Windows\SYSTEM32\CRYPTBASE.dll
0x00007ff812ba0000 - 0x00007ff812bda000 	C:\Windows\SYSTEM32\IPHLPAPI.DLL
0x00007ff816360000 - 0x00007ff816368000 	C:\Windows\System32\NSI.dll
0x00007ff80d510000 - 0x00007ff80d526000 	C:\Windows\SYSTEM32\dhcpcsvc6.DLL
0x00007ff80d420000 - 0x00007ff80d43c000 	C:\Windows\SYSTEM32\dhcpcsvc.DLL
0x00007ff812bf0000 - 0x00007ff812cbb000 	C:\Windows\SYSTEM32\DNSAPI.dll

VM Arguments:
jvm_args: -Xmx4096M -Dfile.encoding=windows-1252 -Duser.country=US -Duser.language=en -Duser.variant 
java_command: org.gradle.launcher.daemon.bootstrap.GradleDaemon 6.0.1
java_class_path (initial): C:\Users\marco\.gradle\wrapper\dists\gradle-6.0.1-all\99d3u8wxs16ndehh90lbbir67\gradle-6.0.1\lib\gradle-launcher-6.0.1.jar
Launcher Type: SUN_STANDARD

Environment Variables:
JAVA_HOME=C:\Program Files\OpenJDK\openjdk-8u275-b01
CLASSPATH=C:\Users\marco\Documents\ethernity.live\Wallet-Frontend\android\\gradle\wrapper\gradle-wrapper.jar
PATH=C:\Windows\system32;C:\Windows;C:\Windows\System32\Wbem;C:\Windows\System32\WindowsPowerShell\v1.0\;C:\Windows\System32\OpenSSH\;C:\Program Files\Git\cmd;C:\ProgramData\chocolatey\bin;C:\Program Files\nodejs\;C:\Program Files\OpenJDK\openjdk-8u275-b01\bin;C:\Users\marco\AppData\Local\Programs\Python\Python39\Scripts\;C:\Users\marco\AppData\Local\Programs\Python\Python39\;C:\Users\marco\AppData\Local\Microsoft\WindowsApps;C:\Users\marco\AppData\Local\Programs\Microsoft VS Code\bin;C:\Users\marco\Desktop\platform-tools;C:\Users\marco\AppData\Roaming\npm
USERNAME=marco
OS=Windows_NT
PROCESSOR_IDENTIFIER=AMD64 Family 23 Model 24 Stepping 1, AuthenticAMD



---------------  S Y S T E M  ---------------

OS: Windows 10.0 , 64 bit Build 18362 (10.0.18362.1350)

CPU:total 8 (initial active 8) (8 cores per cpu, 1 threads per core) family 23 model 24 stepping 1, cmov, cx8, fxsr, mmx, sse, sse2, sse3, ssse3, sse4.1, sse4.2, popcnt, avx, avx2, aes, clmul, mmxext, 3dnowpref, lzcnt, sse4a, tsc, tscinvbit, tscinv, bmi1

Memory: 4k page, physical 6164744k(1569776k free), swap 25039112k(1364k free)

vm_info: OpenJDK 64-Bit Server VM (25.275-b01) for windows-amd64 JRE (1.8.0_275-b01), built on Nov  6 2020 13:43:37 by "build" with MS VC++ 10.0 (VS2010)

time: Tue Mar 23 18:04:32 2021
timezone: Argentina Standard Time
elapsed time: 5.350268 seconds (0d 0h 0m 5s)

